This file contains any messages produced by compilers while
running configure, to aid debugging if configure makes a mistake.

It was created by mfoc configure 0.10.7, which was
generated by GNU Autoconf 2.68.  Invocation command line was

  $ ./configure 

## --------- ##
## Platform. ##
## --------- ##

hostname = lebomb-pc
uname -m = i686
uname -r = 3.11.0-14-generic
uname -s = Linux
uname -v = #21-Ubuntu SMP Tue Nov 12 17:07:40 UTC 2013

/usr/bin/uname -p = unknown
/bin/uname -X     = unknown

/bin/arch              = unknown
/usr/bin/arch -k       = unknown
/usr/convex/getsysinfo = unknown
/usr/bin/hostinfo      = unknown
/bin/machine           = unknown
/usr/bin/oslevel       = unknown
/bin/universe          = unknown

PATH: /usr/local/sbin
PATH: /usr/local/bin
PATH: /usr/sbin
PATH: /usr/bin
PATH: /sbin
PATH: /bin


## ----------- ##
## Core tests. ##
## ----------- ##

configure:2300: checking for gcc
configure:2316: found /usr/bin/gcc
configure:2327: result: gcc
configure:2556: checking for C compiler version
configure:2565: gcc --version >&5
gcc (Ubuntu/Linaro 4.8.1-10ubuntu8) 4.8.1
Copyright (C) 2013 Free Software Foundation, Inc.
This is free software; see the source for copying conditions.  There is NO
warranty; not even for MERCHANTABILITY or FITNESS FOR A PARTICULAR PURPOSE.

configure:2576: $? = 0
configure:2565: gcc -v >&5
Using built-in specs.
COLLECT_GCC=gcc
COLLECT_LTO_WRAPPER=/usr/lib/gcc/i686-linux-gnu/4.8/lto-wrapper
Target: i686-linux-gnu
Configured with: ../src/configure -v --with-pkgversion='Ubuntu/Linaro 4.8.1-10ubuntu8' --with-bugurl=file:///usr/share/doc/gcc-4.8/README.Bugs --enable-languages=c,c++,java,go,d,fortran,objc,obj-c++ --prefix=/usr --program-suffix=-4.8 --enable-shared --enable-linker-build-id --libexecdir=/usr/lib --without-included-gettext --enable-threads=posix --with-gxx-include-dir=/usr/include/c++/4.8 --libdir=/usr/lib --enable-nls --with-sysroot=/ --enable-clocale=gnu --enable-libstdcxx-debug --enable-libstdcxx-time=yes --enable-gnu-unique-object --enable-plugin --with-system-zlib --disable-browser-plugin --enable-java-awt=gtk --enable-gtk-cairo --with-java-home=/usr/lib/jvm/java-1.5.0-gcj-4.8-i386/jre --enable-java-home --with-jvm-root-dir=/usr/lib/jvm/java-1.5.0-gcj-4.8-i386 --with-jvm-jar-dir=/usr/lib/jvm-exports/java-1.5.0-gcj-4.8-i386 --with-arch-directory=i386 --with-ecj-jar=/usr/share/java/eclipse-ecj.jar --enable-objc-gc --enable-targets=all --enable-multiarch --disable-werror --with-arch-32=i686 --with-multilib-list=m32,m64,mx32 --with-tune=generic --enable-checking=release --build=i686-linux-gnu --host=i686-linux-gnu --target=i686-linux-gnu
Thread model: posix
gcc version 4.8.1 (Ubuntu/Linaro 4.8.1-10ubuntu8) 
configure:2576: $? = 0
configure:2565: gcc -V >&5
gcc: error: unrecognized command line option '-V'
gcc: fatal error: no input files
compilation terminated.
configure:2576: $? = 4
configure:2565: gcc -qversion >&5
gcc: error: unrecognized command line option '-qversion'
gcc: fatal error: no input files
compilation terminated.
configure:2576: $? = 4
configure:2596: checking whether the C compiler works
configure:2618: gcc    conftest.c  >&5
configure:2622: $? = 0
configure:2670: result: yes
configure:2673: checking for C compiler default output file name
configure:2675: result: a.out
configure:2681: checking for suffix of executables
configure:2688: gcc -o conftest    conftest.c  >&5
configure:2692: $? = 0
configure:2714: result: 
configure:2736: checking whether we are cross compiling
configure:2744: gcc -o conftest    conftest.c  >&5
configure:2748: $? = 0
configure:2755: ./conftest
configure:2759: $? = 0
configure:2774: result: no
configure:2779: checking for suffix of object files
configure:2801: gcc -c   conftest.c >&5
configure:2805: $? = 0
configure:2826: result: o
configure:2830: checking whether we are using the GNU C compiler
configure:2849: gcc -c   conftest.c >&5
configure:2849: $? = 0
configure:2858: result: yes
configure:2867: checking whether gcc accepts -g
configure:2887: gcc -c -g  conftest.c >&5
configure:2887: $? = 0
configure:2928: result: yes
configure:2945: checking for gcc option to accept ISO C89
configure:3009: gcc  -c -g -O2  conftest.c >&5
configure:3009: $? = 0
configure:3022: result: none needed
configure:3093: checking for a BSD-compatible install
configure:3161: result: /usr/bin/install -c
configure:3172: checking whether build environment is sane
configure:3222: result: yes
configure:3363: checking for a thread-safe mkdir -p
configure:3402: result: /bin/mkdir -p
configure:3415: checking for gawk
configure:3445: result: no
configure:3415: checking for mawk
configure:3431: found /usr/bin/mawk
configure:3442: result: mawk
configure:3453: checking whether make sets $(MAKE)
configure:3475: result: yes
configure:3505: checking for style of include used by make
configure:3533: result: GNU
configure:3619: checking dependency style of gcc
configure:3730: result: gcc3
configure:3758: checking whether make supports nested variables
configure:3775: result: yes
configure:3843: checking for pkg-config
configure:3861: found /usr/bin/pkg-config
configure:3873: result: /usr/bin/pkg-config
configure:3898: checking pkg-config is at least version 0.9.0
configure:3901: result: yes
configure:3911: checking for libnfc
configure:3918: $PKG_CONFIG --exists --print-errors "libnfc >= $LIBNFC_REQUIRED_VERSION"
configure:3921: $? = 0
configure:3935: $PKG_CONFIG --exists --print-errors "libnfc >= $LIBNFC_REQUIRED_VERSION"
configure:3938: $? = 0
configure:3976: result: yes
configure:3985: checking for inline
configure:4001: gcc -c -g -O2  conftest.c >&5
configure:4001: $? = 0
configure:4009: result: inline
configure:4034: checking how to run the C preprocessor
configure:4065: gcc -E  conftest.c
configure:4065: $? = 0
configure:4079: gcc -E  conftest.c
conftest.c:11:28: fatal error: ac_nonexistent.h: No such file or directory
 #include <ac_nonexistent.h>
                            ^
compilation terminated.
configure:4079: $? = 1
configure: failed program was:
| /* confdefs.h */
| #define PACKAGE_NAME "mfoc"
| #define PACKAGE_TARNAME "mfoc"
| #define PACKAGE_VERSION "0.10.7"
| #define PACKAGE_STRING "mfoc 0.10.7"
| #define PACKAGE_BUGREPORT "mifare@nethemba.com"
| #define PACKAGE_URL ""
| #define PACKAGE "mfoc"
| #define VERSION "0.10.7"
| /* end confdefs.h.  */
| #include <ac_nonexistent.h>
configure:4104: result: gcc -E
configure:4124: gcc -E  conftest.c
configure:4124: $? = 0
configure:4138: gcc -E  conftest.c
conftest.c:11:28: fatal error: ac_nonexistent.h: No such file or directory
 #include <ac_nonexistent.h>
                            ^
compilation terminated.
configure:4138: $? = 1
configure: failed program was:
| /* confdefs.h */
| #define PACKAGE_NAME "mfoc"
| #define PACKAGE_TARNAME "mfoc"
| #define PACKAGE_VERSION "0.10.7"
| #define PACKAGE_STRING "mfoc 0.10.7"
| #define PACKAGE_BUGREPORT "mifare@nethemba.com"
| #define PACKAGE_URL ""
| #define PACKAGE "mfoc"
| #define VERSION "0.10.7"
| /* end confdefs.h.  */
| #include <ac_nonexistent.h>
configure:4167: checking for grep that handles long lines and -e
configure:4225: result: /bin/grep
configure:4230: checking for egrep
configure:4292: result: /bin/grep -E
configure:4297: checking for ANSI C header files
configure:4317: gcc -c -g -O2  conftest.c >&5
configure:4317: $? = 0
configure:4390: gcc -o conftest -g -O2   conftest.c  >&5
configure:4390: $? = 0
configure:4390: ./conftest
configure:4390: $? = 0
configure:4401: result: yes
configure:4414: checking for sys/types.h
configure:4414: gcc -c -g -O2  conftest.c >&5
configure:4414: $? = 0
configure:4414: result: yes
configure:4414: checking for sys/stat.h
configure:4414: gcc -c -g -O2  conftest.c >&5
configure:4414: $? = 0
configure:4414: result: yes
configure:4414: checking for stdlib.h
configure:4414: gcc -c -g -O2  conftest.c >&5
configure:4414: $? = 0
configure:4414: result: yes
configure:4414: checking for string.h
configure:4414: gcc -c -g -O2  conftest.c >&5
configure:4414: $? = 0
configure:4414: result: yes
configure:4414: checking for memory.h
configure:4414: gcc -c -g -O2  conftest.c >&5
configure:4414: $? = 0
configure:4414: result: yes
configure:4414: checking for strings.h
configure:4414: gcc -c -g -O2  conftest.c >&5
configure:4414: $? = 0
configure:4414: result: yes
configure:4414: checking for inttypes.h
configure:4414: gcc -c -g -O2  conftest.c >&5
configure:4414: $? = 0
configure:4414: result: yes
configure:4414: checking for stdint.h
configure:4414: gcc -c -g -O2  conftest.c >&5
configure:4414: $? = 0
configure:4414: result: yes
configure:4414: checking for unistd.h
configure:4414: gcc -c -g -O2  conftest.c >&5
configure:4414: $? = 0
configure:4414: result: yes
configure:4426: checking for stdbool.h that conforms to C99
configure:4493: gcc -c -g -O2  conftest.c >&5
configure:4493: $? = 0
configure:4500: result: yes
configure:4502: checking for _Bool
configure:4502: gcc -c -g -O2  conftest.c >&5
configure:4502: $? = 0
configure:4502: gcc -c -g -O2  conftest.c >&5
conftest.c: In function 'main':
conftest.c:57:20: error: expected expression before ')' token
 if (sizeof ((_Bool)))
                    ^
configure:4502: $? = 1
configure: failed program was:
| /* confdefs.h */
| #define PACKAGE_NAME "mfoc"
| #define PACKAGE_TARNAME "mfoc"
| #define PACKAGE_VERSION "0.10.7"
| #define PACKAGE_STRING "mfoc 0.10.7"
| #define PACKAGE_BUGREPORT "mifare@nethemba.com"
| #define PACKAGE_URL ""
| #define PACKAGE "mfoc"
| #define VERSION "0.10.7"
| #define STDC_HEADERS 1
| #define HAVE_SYS_TYPES_H 1
| #define HAVE_SYS_STAT_H 1
| #define HAVE_STDLIB_H 1
| #define HAVE_STRING_H 1
| #define HAVE_MEMORY_H 1
| #define HAVE_STRINGS_H 1
| #define HAVE_INTTYPES_H 1
| #define HAVE_STDINT_H 1
| #define HAVE_UNISTD_H 1
| /* end confdefs.h.  */
| #include <stdio.h>
| #ifdef HAVE_SYS_TYPES_H
| # include <sys/types.h>
| #endif
| #ifdef HAVE_SYS_STAT_H
| # include <sys/stat.h>
| #endif
| #ifdef STDC_HEADERS
| # include <stdlib.h>
| # include <stddef.h>
| #else
| # ifdef HAVE_STDLIB_H
| #  include <stdlib.h>
| # endif
| #endif
| #ifdef HAVE_STRING_H
| # if !defined STDC_HEADERS && defined HAVE_MEMORY_H
| #  include <memory.h>
| # endif
| # include <string.h>
| #endif
| #ifdef HAVE_STRINGS_H
| # include <strings.h>
| #endif
| #ifdef HAVE_INTTYPES_H
| # include <inttypes.h>
| #endif
| #ifdef HAVE_STDINT_H
| # include <stdint.h>
| #endif
| #ifdef HAVE_UNISTD_H
| # include <unistd.h>
| #endif
| int
| main ()
| {
| if (sizeof ((_Bool)))
| 	    return 0;
|   ;
|   return 0;
| }
configure:4502: result: yes
configure:4518: checking for size_t
configure:4518: gcc -c -g -O2  conftest.c >&5
configure:4518: $? = 0
configure:4518: gcc -c -g -O2  conftest.c >&5
conftest.c: In function 'main':
conftest.c:59:21: error: expected expression before ')' token
 if (sizeof ((size_t)))
                     ^
configure:4518: $? = 1
configure: failed program was:
| /* confdefs.h */
| #define PACKAGE_NAME "mfoc"
| #define PACKAGE_TARNAME "mfoc"
| #define PACKAGE_VERSION "0.10.7"
| #define PACKAGE_STRING "mfoc 0.10.7"
| #define PACKAGE_BUGREPORT "mifare@nethemba.com"
| #define PACKAGE_URL ""
| #define PACKAGE "mfoc"
| #define VERSION "0.10.7"
| #define STDC_HEADERS 1
| #define HAVE_SYS_TYPES_H 1
| #define HAVE_SYS_STAT_H 1
| #define HAVE_STDLIB_H 1
| #define HAVE_STRING_H 1
| #define HAVE_MEMORY_H 1
| #define HAVE_STRINGS_H 1
| #define HAVE_INTTYPES_H 1
| #define HAVE_STDINT_H 1
| #define HAVE_UNISTD_H 1
| #define HAVE__BOOL 1
| #define HAVE_STDBOOL_H 1
| /* end confdefs.h.  */
| #include <stdio.h>
| #ifdef HAVE_SYS_TYPES_H
| # include <sys/types.h>
| #endif
| #ifdef HAVE_SYS_STAT_H
| # include <sys/stat.h>
| #endif
| #ifdef STDC_HEADERS
| # include <stdlib.h>
| # include <stddef.h>
| #else
| # ifdef HAVE_STDLIB_H
| #  include <stdlib.h>
| # endif
| #endif
| #ifdef HAVE_STRING_H
| # if !defined STDC_HEADERS && defined HAVE_MEMORY_H
| #  include <memory.h>
| # endif
| # include <string.h>
| #endif
| #ifdef HAVE_STRINGS_H
| # include <strings.h>
| #endif
| #ifdef HAVE_INTTYPES_H
| # include <inttypes.h>
| #endif
| #ifdef HAVE_STDINT_H
| # include <stdint.h>
| #endif
| #ifdef HAVE_UNISTD_H
| # include <unistd.h>
| #endif
| int
| main ()
| {
| if (sizeof ((size_t)))
| 	    return 0;
|   ;
|   return 0;
| }
configure:4518: result: yes
configure:4529: checking for uint8_t
configure:4529: gcc -c -g -O2  conftest.c >&5
configure:4529: $? = 0
configure:4529: result: yes
configure:4543: checking for uint16_t
configure:4543: gcc -c -g -O2  conftest.c >&5
configure:4543: $? = 0
configure:4543: result: yes
configure:4555: checking for uint32_t
configure:4555: gcc -c -g -O2  conftest.c >&5
configure:4555: $? = 0
configure:4555: result: yes
configure:4569: checking for uint64_t
configure:4569: gcc -c -g -O2  conftest.c >&5
configure:4569: $? = 0
configure:4569: result: yes
configure:4587: checking for stdlib.h
configure:4587: result: yes
configure:4597: checking for GNU libc compatible malloc
configure:4621: gcc -o conftest -g -O2   conftest.c  >&5
configure:4621: $? = 0
configure:4621: ./conftest
configure:4621: $? = 0
configure:4631: result: yes
configure:4654: checking for stdlib.h
configure:4654: result: yes
configure:4664: checking for GNU libc compatible realloc
configure:4688: gcc -o conftest -g -O2   conftest.c  >&5
configure:4688: $? = 0
configure:4688: ./conftest
configure:4688: $? = 0
configure:4698: result: yes
configure:4721: checking for memset
configure:4721: gcc -o conftest -g -O2   conftest.c  >&5
conftest.c:50:6: warning: conflicting types for built-in function 'memset' [enabled by default]
 char memset ();
      ^
configure:4721: $? = 0
configure:4721: result: yes
configure:4866: creating ./config.status

## ---------------------- ##
## Running config.status. ##
## ---------------------- ##

This file was extended by mfoc config.status 0.10.7, which was
generated by GNU Autoconf 2.68.  Invocation command line was

  CONFIG_FILES    = 
  CONFIG_HEADERS  = 
  CONFIG_LINKS    = 
  CONFIG_COMMANDS = 
  $ ./config.status 

on lebomb-pc

config.status:878: creating Makefile
config.status:878: creating src/Makefile
config.status:878: creating config.h
config.status:1107: executing depfiles commands

## ---------------- ##
## Cache variables. ##
## ---------------- ##

ac_cv_c_compiler_gnu=yes
ac_cv_c_inline=inline
ac_cv_c_uint16_t=yes
ac_cv_c_uint32_t=yes
ac_cv_c_uint64_t=yes
ac_cv_c_uint8_t=yes
ac_cv_env_CC_set=
ac_cv_env_CC_value=
ac_cv_env_CFLAGS_set=
ac_cv_env_CFLAGS_value=
ac_cv_env_CPPFLAGS_set=
ac_cv_env_CPPFLAGS_value=
ac_cv_env_CPP_set=
ac_cv_env_CPP_value=
ac_cv_env_LDFLAGS_set=
ac_cv_env_LDFLAGS_value=
ac_cv_env_LIBS_set=
ac_cv_env_LIBS_value=
ac_cv_env_PKG_CONFIG_LIBDIR_set=
ac_cv_env_PKG_CONFIG_LIBDIR_value=
ac_cv_env_PKG_CONFIG_PATH_set=
ac_cv_env_PKG_CONFIG_PATH_value=
ac_cv_env_PKG_CONFIG_set=
ac_cv_env_PKG_CONFIG_value=
ac_cv_env_build_alias_set=
ac_cv_env_build_alias_value=
ac_cv_env_host_alias_set=
ac_cv_env_host_alias_value=
ac_cv_env_libnfc_CFLAGS_set=
ac_cv_env_libnfc_CFLAGS_value=
ac_cv_env_libnfc_LIBS_set=
ac_cv_env_libnfc_LIBS_value=
ac_cv_env_target_alias_set=
ac_cv_env_target_alias_value=
ac_cv_func_malloc_0_nonnull=yes
ac_cv_func_memset=yes
ac_cv_func_realloc_0_nonnull=yes
ac_cv_header_inttypes_h=yes
ac_cv_header_memory_h=yes
ac_cv_header_stdbool_h=yes
ac_cv_header_stdc=yes
ac_cv_header_stdint_h=yes
ac_cv_header_stdlib_h=yes
ac_cv_header_string_h=yes
ac_cv_header_strings_h=yes
ac_cv_header_sys_stat_h=yes
ac_cv_header_sys_types_h=yes
ac_cv_header_unistd_h=yes
ac_cv_objext=o
ac_cv_path_EGREP='/bin/grep -E'
ac_cv_path_GREP=/bin/grep
ac_cv_path_ac_pt_PKG_CONFIG=/usr/bin/pkg-config
ac_cv_path_install='/usr/bin/install -c'
ac_cv_path_mkdir=/bin/mkdir
ac_cv_prog_AWK=mawk
ac_cv_prog_CPP='gcc -E'
ac_cv_prog_ac_ct_CC=gcc
ac_cv_prog_cc_c89=
ac_cv_prog_cc_g=yes
ac_cv_prog_make_make_set=yes
ac_cv_type__Bool=yes
ac_cv_type_size_t=yes
am_cv_CC_dependencies_compiler_type=gcc3
am_cv_make_support_nested_variables=yes
pkg_cv_libnfc_CFLAGS='-I/usr/local/include  '
pkg_cv_libnfc_LIBS='-L/usr/local/lib -lnfc  '

## ----------------- ##
## Output variables. ##
## ----------------- ##

ACLOCAL='${SHELL} /media/D/cofeeKey/mfoc-0.10.7/missing --run aclocal-1.11'
AMDEPBACKSLASH='\'
AMDEP_FALSE='#'
AMDEP_TRUE=''
AMTAR='$${TAR-tar}'
AM_BACKSLASH='\'
AM_DEFAULT_V='$(AM_DEFAULT_VERBOSITY)'
AM_DEFAULT_VERBOSITY='0'
AM_V='$(V)'
AUTOCONF='${SHELL} /media/D/cofeeKey/mfoc-0.10.7/missing --run autoconf'
AUTOHEADER='${SHELL} /media/D/cofeeKey/mfoc-0.10.7/missing --run autoheader'
AUTOMAKE='${SHELL} /media/D/cofeeKey/mfoc-0.10.7/missing --run automake-1.11'
AWK='mawk'
CC='gcc'
CCDEPMODE='depmode=gcc3'
CFLAGS='-g -O2 -std=c99'
CPP='gcc -E'
CPPFLAGS=''
CYGPATH_W='echo'
DEFS='-DHAVE_CONFIG_H'
DEPDIR='.deps'
ECHO_C=''
ECHO_N='-n'
ECHO_T=''
EGREP='/bin/grep -E'
EXEEXT=''
GREP='/bin/grep'
INSTALL_DATA='${INSTALL} -m 644'
INSTALL_PROGRAM='${INSTALL}'
INSTALL_SCRIPT='${INSTALL}'
INSTALL_STRIP_PROGRAM='$(install_sh) -c -s'
LDFLAGS=''
LIBOBJS=''
LIBS=''
LTLIBOBJS=''
MAKEINFO='${SHELL} /media/D/cofeeKey/mfoc-0.10.7/missing --run makeinfo'
MKDIR_P='/bin/mkdir -p'
OBJEXT='o'
PACKAGE='mfoc'
PACKAGE_BUGREPORT='mifare@nethemba.com'
PACKAGE_NAME='mfoc'
PACKAGE_STRING='mfoc 0.10.7'
PACKAGE_TARNAME='mfoc'
PACKAGE_URL=''
PACKAGE_VERSION='0.10.7'
PATH_SEPARATOR=':'
PKG_CONFIG='/usr/bin/pkg-config'
PKG_CONFIG_LIBDIR=''
PKG_CONFIG_PATH=''
PKG_CONFIG_REQUIRES='libnfc'
SET_MAKE=''
SHELL='/bin/bash'
STRIP=''
VERSION='0.10.7'
ac_ct_CC='gcc'
am__EXEEXT_FALSE=''
am__EXEEXT_TRUE='#'
am__fastdepCC_FALSE='#'
am__fastdepCC_TRUE=''
am__include='include'
am__isrc=''
am__leading_dot='.'
am__nodep='_no'
am__quote=''
am__tar='$${TAR-tar} chof - "$$tardir"'
am__untar='$${TAR-tar} xf -'
bindir='${exec_prefix}/bin'
build_alias=''
datadir='${datarootdir}'
datarootdir='${prefix}/share'
docdir='${datarootdir}/doc/${PACKAGE_TARNAME}'
dvidir='${docdir}'
exec_prefix='${prefix}'
host_alias=''
htmldir='${docdir}'
includedir='${prefix}/include'
infodir='${datarootdir}/info'
install_sh='${SHELL} /media/D/cofeeKey/mfoc-0.10.7/install-sh'
libdir='${exec_prefix}/lib'
libexecdir='${exec_prefix}/libexec'
libnfc_CFLAGS='-I/usr/local/include  '
libnfc_LIBS='-L/usr/local/lib -lnfc  '
localedir='${datarootdir}/locale'
localstatedir='${prefix}/var'
mandir='${datarootdir}/man'
mkdir_p='/bin/mkdir -p'
oldincludedir='/usr/include'
pdfdir='${docdir}'
prefix='/usr/local'
program_transform_name='s,x,x,'
psdir='${docdir}'
sbindir='${exec_prefix}/sbin'
sharedstatedir='${prefix}/com'
sysconfdir='${prefix}/etc'
target_alias=''

## ----------- ##
## confdefs.h. ##
## ----------- ##

/* confdefs.h */
#define PACKAGE_NAME "mfoc"
#define PACKAGE_TARNAME "mfoc"
#define PACKAGE_VERSION "0.10.7"
#define PACKAGE_STRING "mfoc 0.10.7"
#define PACKAGE_BUGREPORT "mifare@nethemba.com"
#define PACKAGE_URL ""
#define PACKAGE "mfoc"
#define VERSION "0.10.7"
#define STDC_HEADERS 1
#define HAVE_SYS_TYPES_H 1
#define HAVE_SYS_STAT_H 1
#define HAVE_STDLIB_H 1
#define HAVE_STRING_H 1
#define HAVE_MEMORY_H 1
#define HAVE_STRINGS_H 1
#define HAVE_INTTYPES_H 1
#define HAVE_STDINT_H 1
#define HAVE_UNISTD_H 1
#define HAVE__BOOL 1
#define HAVE_STDBOOL_H 1
#define HAVE_STDLIB_H 1
#define HAVE_MALLOC 1
#define HAVE_STDLIB_H 1
#define HAVE_REALLOC 1
#define HAVE_MEMSET 1

configure: exit 0
